{"level":"info","message":"","timestamp":"2025-02-07T07:55:18.316Z"}
{"level":"info","message":"database successfully connected","timestamp":"2025-02-07T07:55:29.558Z"}
{"level":"info","message":"database successfully connected","timestamp":"2025-02-07T07:55:38.914Z"}
{"level":"info","message":"database successfully connected","timestamp":"2025-02-07T07:55:41.578Z"}
{"level":"info","message":"database successfully connected","timestamp":"2025-02-07T07:55:46.784Z"}
{"level":"info","message":"database successfully connected","timestamp":"2025-02-07T08:00:51.740Z"}
{"level":"info","message":"database successfully connected","timestamp":"2025-02-07T08:01:14.033Z"}
{"level":"info","message":"database successfully connected","timestamp":"2025-02-07T08:01:20.587Z"}
{"level":"info","message":"database successfully connected","timestamp":"2025-02-07T08:01:25.811Z"}
{"level":"info","message":"database successfully connected","timestamp":"2025-02-07T08:01:41.286Z"}
{"level":"info","message":"database successfully connected","timestamp":"2025-02-07T08:02:03.920Z"}
{"level":"info","message":"database successfully connected","timestamp":"2025-02-07T08:02:30.212Z"}
{"level":"info","message":"database successfully connected","timestamp":"2025-02-07T08:02:43.507Z"}
{"level":"info","message":"database successfully connected","timestamp":"2025-02-07T08:02:47.426Z"}
{"level":"info","message":"database successfully connected","timestamp":"2025-02-07T08:02:58.114Z"}
{"level":"info","message":"database successfully connected","timestamp":"2025-02-07T08:03:04.230Z"}
{"level":"info","message":"database successfully connected","timestamp":"2025-02-07T08:03:16.140Z"}
{"level":"info","message":"database successfully connected","timestamp":"2025-02-07T08:03:24.813Z"}
{"level":"info","message":"database successfully connected","timestamp":"2025-02-07T08:03:36.266Z"}
{"level":"info","message":"database successfully connected","timestamp":"2025-02-07T08:03:48.897Z"}
{"level":"info","message":"database successfully connected","timestamp":"2025-02-07T08:03:52.606Z"}
{"level":"info","message":"database successfully connected","timestamp":"2025-02-07T16:25:42.540Z"}
{"level":"info","message":"database successfully connected","timestamp":"2025-02-07T16:26:06.694Z"}
{"level":"info","message":"database successfully connected","timestamp":"2025-02-07T16:26:17.571Z"}
{"level":"info","message":"database successfully connected","timestamp":"2025-02-07T16:26:40.886Z"}
{"level":"info","message":"database successfully connected","timestamp":"2025-02-07T16:28:03.194Z"}
{"level":"info","message":"database successfully connected","timestamp":"2025-02-07T16:33:48.492Z"}
{"level":"info","message":"database successfully connected","timestamp":"2025-02-07T16:33:57.373Z"}
{"level":"info","message":"database successfully connected","timestamp":"2025-02-07T16:34:10.640Z"}
{"level":"info","message":"database successfully connected","timestamp":"2025-02-07T16:34:44.003Z"}
{"level":"info","message":"database successfully connected","timestamp":"2025-02-07T16:35:34.399Z"}
{"level":"info","message":"database successfully connected","timestamp":"2025-02-07T16:36:51.855Z"}
{"level":"info","message":"database successfully connected","timestamp":"2025-02-07T16:37:04.826Z"}
{"level":"info","message":"database successfully connected","timestamp":"2025-02-07T16:37:34.500Z"}
{"level":"info","message":"database successfully connected","timestamp":"2025-02-07T16:37:59.473Z"}
{"level":"info","message":"database successfully connected","timestamp":"2025-02-07T16:38:21.348Z"}
{"level":"info","message":"database successfully connected","timestamp":"2025-02-07T16:38:39.315Z"}
{"level":"info","message":"database successfully connected","timestamp":"2025-02-07T16:39:11.090Z"}
{"level":"info","message":"database successfully connected","timestamp":"2025-02-07T16:39:26.817Z"}
{"level":"info","message":"database successfully connected","timestamp":"2025-02-07T16:39:52.427Z"}
{"level":"info","message":"database successfully connected","timestamp":"2025-02-07T16:42:04.071Z"}
{"level":"info","message":"database successfully connected","timestamp":"2025-02-07T16:42:16.702Z"}
{"level":"info","message":"database successfully connected","timestamp":"2025-02-07T16:45:48.710Z"}
{"level":"info","message":"database successfully connected","timestamp":"2025-02-07T16:45:59.864Z"}
{"level":"info","message":"database successfully connected","timestamp":"2025-02-07T16:46:14.189Z"}
{"level":"info","message":"database successfully connected","timestamp":"2025-02-07T16:47:16.182Z"}
{"level":"info","message":"database successfully connected","timestamp":"2025-02-07T16:49:09.027Z"}
{"level":"info","message":"database successfully connected","timestamp":"2025-02-07T16:49:30.217Z"}
{"level":"info","message":"database successfully connected","timestamp":"2025-02-07T16:50:06.204Z"}
{"level":"info","message":"database successfully connected","timestamp":"2025-02-07T16:50:57.068Z"}
{"level":"info","message":"database successfully connected","timestamp":"2025-02-07T16:51:20.204Z"}
{"level":"info","message":"database successfully connected","timestamp":"2025-02-07T16:51:33.443Z"}
{"level":"info","message":"database successfully connected","timestamp":"2025-02-07T16:52:16.582Z"}
{"level":"info","message":"database successfully connected","timestamp":"2025-02-07T16:55:40.914Z"}
{"level":"info","message":"database successfully connected","timestamp":"2025-02-07T16:57:42.088Z"}
{"level":"info","message":"database successfully connected","timestamp":"2025-02-07T16:57:50.700Z"}
{"level":"info","message":"database successfully connected","timestamp":"2025-02-07T16:59:30.914Z"}
{"level":"info","message":"database successfully connected","timestamp":"2025-02-07T16:59:41.256Z"}
{"level":"info","message":"database successfully connected","timestamp":"2025-02-07T17:00:16.807Z"}
{"level":"info","message":"database successfully connected","timestamp":"2025-02-07T17:00:47.674Z"}
{"level":"info","message":"database successfully connected","timestamp":"2025-02-07T17:00:59.472Z"}
{"level":"info","message":"database successfully connected","timestamp":"2025-02-07T17:02:32.287Z"}
{"level":"info","message":"database successfully connected","timestamp":"2025-02-07T17:02:54.506Z"}
{"level":"info","message":"database successfully connected","timestamp":"2025-02-07T17:04:11.261Z"}
{"level":"info","message":"database successfully connected","timestamp":"2025-02-07T17:05:35.053Z"}
{"level":"info","message":"database successfully connected","timestamp":"2025-02-07T17:05:47.112Z"}
{"level":"info","message":"database successfully connected","timestamp":"2025-02-07T17:06:10.042Z"}
{"level":"info","message":"database successfully connected","timestamp":"2025-02-07T17:06:27.731Z"}
{"level":"info","message":"database successfully connected","timestamp":"2025-02-07T17:08:36.146Z"}
{"level":"info","message":"database successfully connected","timestamp":"2025-02-07T17:08:55.263Z"}
{"level":"info","message":"database successfully connected","timestamp":"2025-02-07T17:09:29.664Z"}
{"level":"info","message":"database successfully connected","timestamp":"2025-02-07T17:09:40.958Z"}
{"level":"info","message":"database successfully connected","timestamp":"2025-02-07T17:10:03.822Z"}
{"level":"info","message":"database successfully connected","timestamp":"2025-02-07T17:10:14.784Z"}
{"level":"info","message":"database successfully connected","timestamp":"2025-02-07T17:10:35.753Z"}
{"level":"info","message":"database successfully connected","timestamp":"2025-02-07T17:11:05.765Z"}
{"level":"info","message":"database successfully connected","timestamp":"2025-02-07T17:11:33.385Z"}
{"level":"info","message":"database successfully connected","timestamp":"2025-02-07T17:11:50.677Z"}
{"level":"info","message":"database successfully connected","timestamp":"2025-02-07T17:12:04.015Z"}
{"level":"info","message":"database successfully connected","timestamp":"2025-02-07T17:12:34.881Z"}
{"level":"info","message":"database successfully connected","timestamp":"2025-02-07T17:13:43.539Z"}
{"level":"info","message":"database successfully connected","timestamp":"2025-02-07T17:13:53.975Z"}
{"level":"info","message":"database successfully connected","timestamp":"2025-02-07T17:16:48.964Z"}
{"level":"info","message":"database successfully connected","timestamp":"2025-02-07T17:17:09.694Z"}
{"level":"info","message":"database successfully connected","timestamp":"2025-02-07T17:17:41.786Z"}
{"level":"info","message":"database successfully connected","timestamp":"2025-02-07T17:17:55.178Z"}
{"level":"info","message":"database successfully connected","timestamp":"2025-02-07T17:18:04.376Z"}
{"level":"info","message":"database successfully connected","timestamp":"2025-02-07T17:18:41.854Z"}
{"level":"info","message":"database successfully connected","timestamp":"2025-02-07T17:18:57.846Z"}
{"level":"info","message":"database successfully connected","timestamp":"2025-02-07T17:19:18.752Z"}
{"level":"info","message":"database successfully connected","timestamp":"2025-02-07T17:20:02.466Z"}
{"level":"info","message":"database successfully connected","timestamp":"2025-02-07T17:20:11.111Z"}
{"level":"info","message":"database successfully connected","timestamp":"2025-02-07T17:20:29.953Z"}
{"level":"info","message":"database successfully connected","timestamp":"2025-02-07T17:21:29.534Z"}
{"level":"info","message":"database successfully connected","timestamp":"2025-02-07T17:21:54.676Z"}
{"level":"info","message":"database successfully connected","timestamp":"2025-02-07T17:22:11.023Z"}
{"level":"info","message":"database successfully connected","timestamp":"2025-02-07T17:22:25.258Z"}
{"level":"info","message":"database successfully connected","timestamp":"2025-02-07T17:22:44.884Z"}
{"level":"info","message":"database successfully connected","timestamp":"2025-02-07T17:22:52.254Z"}
{"level":"info","message":"database successfully connected","timestamp":"2025-02-07T17:23:06.082Z"}
{"level":"info","message":"database successfully connected","timestamp":"2025-02-07T17:24:00.225Z"}
{"level":"info","message":"database successfully connected","timestamp":"2025-02-07T17:24:11.685Z"}
{"level":"info","message":"database successfully connected","timestamp":"2025-02-07T17:24:48.077Z"}
{"level":"info","message":"database successfully connected","timestamp":"2025-02-07T17:25:14.025Z"}
{"level":"info","message":"database successfully connected","timestamp":"2025-02-07T17:25:51.431Z"}
{"level":"info","message":"database successfully connected","timestamp":"2025-02-07T17:26:37.603Z"}
{"level":"info","message":"database successfully connected","timestamp":"2025-02-07T17:26:59.375Z"}
{"level":"info","message":"database successfully connected","timestamp":"2025-02-07T17:27:30.626Z"}
{"level":"info","message":"database successfully connected","timestamp":"2025-02-07T17:27:46.329Z"}
{"level":"info","message":"database successfully connected","timestamp":"2025-02-07T17:28:02.552Z"}
{"level":"info","message":"database successfully connected","timestamp":"2025-02-07T17:30:24.203Z"}
{"level":"info","message":"database successfully connected","timestamp":"2025-02-07T17:34:13.122Z"}
{"level":"info","message":"database successfully connected","timestamp":"2025-02-07T17:34:54.700Z"}
{"level":"info","message":"database successfully connected","timestamp":"2025-02-07T17:35:09.636Z"}
{"level":"info","message":"database successfully connected","timestamp":"2025-02-07T17:35:18.539Z"}
{"level":"info","message":"database successfully connected","timestamp":"2025-02-07T17:35:33.740Z"}
{"level":"info","message":"database successfully connected","timestamp":"2025-02-07T17:36:17.787Z"}
{"level":"info","message":"database successfully connected","timestamp":"2025-02-07T17:37:47.188Z"}
{"level":"info","message":"database successfully connected","timestamp":"2025-02-07T17:37:57.115Z"}
{"level":"info","message":"database successfully connected","timestamp":"2025-02-07T17:38:24.343Z"}
{"level":"info","message":"database successfully connected","timestamp":"2025-02-07T17:38:40.389Z"}
{"level":"info","message":"database successfully connected","timestamp":"2025-02-07T17:45:34.118Z"}
{"level":"info","message":"database successfully connected","timestamp":"2025-02-07T17:45:49.078Z"}
{"level":"info","message":"database successfully connected","timestamp":"2025-02-07T17:45:56.016Z"}
{"level":"info","message":"database successfully connected","timestamp":"2025-02-07T17:46:23.488Z"}
{"level":"info","message":"database successfully connected","timestamp":"2025-02-07T17:47:07.018Z"}
{"level":"info","message":"database successfully connected","timestamp":"2025-02-07T17:47:14.781Z"}
{"level":"info","message":"database successfully connected","timestamp":"2025-02-07T17:47:27.920Z"}
{"level":"info","message":"database successfully connected","timestamp":"2025-02-07T17:47:46.473Z"}
{"level":"info","message":"database successfully connected","timestamp":"2025-02-07T17:48:19.157Z"}
{"level":"info","message":"database successfully connected","timestamp":"2025-02-07T17:48:37.670Z"}
{"level":"info","message":"database successfully connected","timestamp":"2025-02-07T17:49:36.973Z"}
{"level":"info","message":"database successfully connected","timestamp":"2025-02-07T17:49:46.835Z"}
{"level":"info","message":"database successfully connected","timestamp":"2025-02-07T17:50:55.319Z"}
{"level":"info","message":"database successfully connected","timestamp":"2025-02-07T17:51:20.499Z"}
{"level":"info","message":"database successfully connected","timestamp":"2025-02-07T17:51:35.984Z"}
{"level":"info","message":"database successfully connected","timestamp":"2025-02-07T17:51:49.162Z"}
{"level":"info","message":"database successfully connected","timestamp":"2025-02-07T17:52:19.374Z"}
{"level":"info","message":"database successfully connected","timestamp":"2025-02-07T17:54:02.641Z"}
{"level":"info","message":"database successfully connected","timestamp":"2025-02-07T17:54:11.696Z"}
{"level":"info","message":"database successfully connected","timestamp":"2025-02-07T17:56:08.724Z"}
{"level":"info","message":"database successfully connected","timestamp":"2025-02-08T03:51:43.774Z"}
{"level":"info","message":"database successfully connected","timestamp":"2025-02-08T03:55:09.752Z"}
{"level":"info","message":"database successfully connected","timestamp":"2025-02-08T04:08:07.270Z"}
{"level":"info","message":"database successfully connected","timestamp":"2025-02-08T04:08:54.120Z"}
{"level":"info","message":"database successfully connected","timestamp":"2025-02-08T04:09:39.103Z"}
{"level":"info","message":"database successfully connected","timestamp":"2025-02-08T04:14:54.335Z"}
{"level":"info","message":"database successfully connected","timestamp":"2025-02-08T04:15:36.303Z"}
{"level":"info","message":"database successfully connected","timestamp":"2025-02-08T04:16:30.725Z"}
{"level":"info","message":"database successfully connected","timestamp":"2025-02-08T04:18:05.415Z"}
{"level":"info","message":"database successfully connected","timestamp":"2025-02-08T04:24:44.309Z"}
{"level":"info","message":"database successfully connected","timestamp":"2025-02-08T04:24:49.586Z"}
{"level":"info","message":"database successfully connected","timestamp":"2025-02-08T04:24:55.276Z"}
{"level":"info","message":"database successfully connected","timestamp":"2025-02-08T04:25:05.664Z"}
{"level":"info","message":"database successfully connected","timestamp":"2025-02-08T04:27:39.138Z"}
{"level":"info","message":"database successfully connected","timestamp":"2025-02-08T04:29:57.489Z"}
{"level":"info","message":"database successfully connected","timestamp":"2025-02-08T04:30:05.273Z"}
{"level":"error","timestamp":"2025-02-08T04:53:44.127Z"}
{"level":"error","timestamp":"2025-02-08T04:55:59.034Z"}
{"level":"error","timestamp":"2025-02-08T04:57:12.303Z"}
{"_message":"Report validation failed","errors":{"creditAccountsInformation.0":{"kind":"[string]","message":"Cast to [string] failed for value \"[\\n' +\n  '  {\\n' +\n  \"    type: '10',\\n\" +\n  \"    bank: 'icicibank',\\n\" +\n  \"    address: 'ANANDI VIHAR',\\n\" +\n  \"    accountNumber: 'ICIVB20994',\\n\" +\n  '    amountOverdue: 4000,\\n' +\n  '    currentBalance: 80000\\n' +\n  '  },\\n' +\n  '  {\\n' +\n  \"    type: '52',\\n\" +\n  \"    bank: 'icicibank',\\n\" +\n  \"    address: 'J-1 110',\\n\" +\n  \"    accountNumber: 'ICICI8131308',\\n\" +\n  '    amountOverdue: 0,\\n' +\n  '    currentBalance: 0\\n' +\n  '  },\\n' +\n  '  {\\n' +\n  \"    type: '10',\\n\" +\n  \"    bank: 'icicibank',\\n\" +\n  \"    address: 'J-1 110',\\n\" +\n  \"    accountNumber: 'ICICI8131306',\\n\" +\n  '    amountOverdue: 1100,\\n' +\n  '    currentBalance: 80000\\n' +\n  '  },\\n' +\n  '  {\\n' +\n  \"    type: '51',\\n\" +\n  \"    bank: 'icicibank',\\n\" +\n  \"    address: 'J-1 110',\\n\" +\n  \"    accountNumber: 'ICICI8131307',\\n\" +\n  '    amountOverdue: 1200,\\n' +\n  '    currentBalance: 85000\\n' +\n  '  }\\n' +\n  ']\" (type string) at path \"creditAccountsInformation.0\" because of \"CastError\"","name":"CastError","path":"creditAccountsInformation.0","reason":{"kind":"string","message":"Cast to string failed for value \"{\n  type: '10',\n  bank: 'icicibank',\n  address: 'ANANDI VIHAR',\n  accountNumber: 'ICIVB20994',\n  amountOverdue: 4000,\n  currentBalance: 80000\n}\" (type Object) at path \"creditAccountsInformation\"","name":"CastError","path":"creditAccountsInformation","reason":null,"stringValue":"\"{\n  type: '10',\n  bank: 'icicibank',\n  address: 'ANANDI VIHAR',\n  accountNumber: 'ICIVB20994',\n  amountOverdue: 4000,\n  currentBalance: 80000\n}\"","value":{"accountNumber":"ICIVB20994","address":"ANANDI VIHAR","amountOverdue":4000,"bank":"icicibank","currentBalance":80000,"type":"10"},"valueType":"Object"},"stringValue":"\"[\\n' +\n  '  {\\n' +\n  \"    type: '10',\\n\" +\n  \"    bank: 'icicibank',\\n\" +\n  \"    address: 'ANANDI VIHAR',\\n\" +\n  \"    accountNumber: 'ICIVB20994',\\n\" +\n  '    amountOverdue: 4000,\\n' +\n  '    currentBalance: 80000\\n' +\n  '  },\\n' +\n  '  {\\n' +\n  \"    type: '52',\\n\" +\n  \"    bank: 'icicibank',\\n\" +\n  \"    address: 'J-1 110',\\n\" +\n  \"    accountNumber: 'ICICI8131308',\\n\" +\n  '    amountOverdue: 0,\\n' +\n  '    currentBalance: 0\\n' +\n  '  },\\n' +\n  '  {\\n' +\n  \"    type: '10',\\n\" +\n  \"    bank: 'icicibank',\\n\" +\n  \"    address: 'J-1 110',\\n\" +\n  \"    accountNumber: 'ICICI8131306',\\n\" +\n  '    amountOverdue: 1100,\\n' +\n  '    currentBalance: 80000\\n' +\n  '  },\\n' +\n  '  {\\n' +\n  \"    type: '51',\\n\" +\n  \"    bank: 'icicibank',\\n\" +\n  \"    address: 'J-1 110',\\n\" +\n  \"    accountNumber: 'ICICI8131307',\\n\" +\n  '    amountOverdue: 1200,\\n' +\n  '    currentBalance: 85000\\n' +\n  '  }\\n' +\n  ']\"","value":"[\n  {\n    type: '10',\n    bank: 'icicibank',\n    address: 'ANANDI VIHAR',\n    accountNumber: 'ICIVB20994',\n    amountOverdue: 4000,\n    currentBalance: 80000\n  },\n  {\n    type: '52',\n    bank: 'icicibank',\n    address: 'J-1 110',\n    accountNumber: 'ICICI8131308',\n    amountOverdue: 0,\n    currentBalance: 0\n  },\n  {\n    type: '10',\n    bank: 'icicibank',\n    address: 'J-1 110',\n    accountNumber: 'ICICI8131306',\n    amountOverdue: 1100,\n    currentBalance: 80000\n  },\n  {\n    type: '51',\n    bank: 'icicibank',\n    address: 'J-1 110',\n    accountNumber: 'ICICI8131307',\n    amountOverdue: 1200,\n    currentBalance: 85000\n  }\n]","valueType":"string"}},"level":"error","message":"Report validation failed: creditAccountsInformation.0: Cast to [string] failed for value \"[\\n' +\n  '  {\\n' +\n  \"    type: '10',\\n\" +\n  \"    bank: 'icicibank',\\n\" +\n  \"    address: 'ANANDI VIHAR',\\n\" +\n  \"    accountNumber: 'ICIVB20994',\\n\" +\n  '    amountOverdue: 4000,\\n' +\n  '    currentBalance: 80000\\n' +\n  '  },\\n' +\n  '  {\\n' +\n  \"    type: '52',\\n\" +\n  \"    bank: 'icicibank',\\n\" +\n  \"    address: 'J-1 110',\\n\" +\n  \"    accountNumber: 'ICICI8131308',\\n\" +\n  '    amountOverdue: 0,\\n' +\n  '    currentBalance: 0\\n' +\n  '  },\\n' +\n  '  {\\n' +\n  \"    type: '10',\\n\" +\n  \"    bank: 'icicibank',\\n\" +\n  \"    address: 'J-1 110',\\n\" +\n  \"    accountNumber: 'ICICI8131306',\\n\" +\n  '    amountOverdue: 1100,\\n' +\n  '    currentBalance: 80000\\n' +\n  '  },\\n' +\n  '  {\\n' +\n  \"    type: '51',\\n\" +\n  \"    bank: 'icicibank',\\n\" +\n  \"    address: 'J-1 110',\\n\" +\n  \"    accountNumber: 'ICICI8131307',\\n\" +\n  '    amountOverdue: 1200,\\n' +\n  '    currentBalance: 85000\\n' +\n  '  }\\n' +\n  ']\" (type string) at path \"creditAccountsInformation.0\" because of \"CastError\"","name":"ValidationError","timestamp":"2025-02-08T05:00:03.172Z"}
{"_message":"Report validation failed","errors":{"creditAccountsInformation.0":{"kind":"[string]","message":"Cast to [string] failed for value \"[\\n' +\n  '  {\\n' +\n  \"    type: '10',\\n\" +\n  \"    bank: 'icicibank',\\n\" +\n  \"    address: 'ANANDI VIHAR',\\n\" +\n  \"    accountNumber: 'ICIVB20994',\\n\" +\n  '    amountOverdue: 4000,\\n' +\n  '    currentBalance: 80000\\n' +\n  '  },\\n' +\n  '  {\\n' +\n  \"    type: '52',\\n\" +\n  \"    bank: 'icicibank',\\n\" +\n  \"    address: 'J-1 110',\\n\" +\n  \"    accountNumber: 'ICICI8131308',\\n\" +\n  '    amountOverdue: 0,\\n' +\n  '    currentBalance: 0\\n' +\n  '  },\\n' +\n  '  {\\n' +\n  \"    type: '10',\\n\" +\n  \"    bank: 'icicibank',\\n\" +\n  \"    address: 'J-1 110',\\n\" +\n  \"    accountNumber: 'ICICI8131306',\\n\" +\n  '    amountOverdue: 1100,\\n' +\n  '    currentBalance: 80000\\n' +\n  '  },\\n' +\n  '  {\\n' +\n  \"    type: '51',\\n\" +\n  \"    bank: 'icicibank',\\n\" +\n  \"    address: 'J-1 110',\\n\" +\n  \"    accountNumber: 'ICICI8131307',\\n\" +\n  '    amountOverdue: 1200,\\n' +\n  '    currentBalance: 85000\\n' +\n  '  }\\n' +\n  ']\" (type string) at path \"creditAccountsInformation.0\" because of \"CastError\"","name":"CastError","path":"creditAccountsInformation.0","reason":{"kind":"string","message":"Cast to string failed for value \"{\n  type: '10',\n  bank: 'icicibank',\n  address: 'ANANDI VIHAR',\n  accountNumber: 'ICIVB20994',\n  amountOverdue: 4000,\n  currentBalance: 80000\n}\" (type Object) at path \"creditAccountsInformation\"","name":"CastError","path":"creditAccountsInformation","reason":null,"stringValue":"\"{\n  type: '10',\n  bank: 'icicibank',\n  address: 'ANANDI VIHAR',\n  accountNumber: 'ICIVB20994',\n  amountOverdue: 4000,\n  currentBalance: 80000\n}\"","value":{"accountNumber":"ICIVB20994","address":"ANANDI VIHAR","amountOverdue":4000,"bank":"icicibank","currentBalance":80000,"type":"10"},"valueType":"Object"},"stringValue":"\"[\\n' +\n  '  {\\n' +\n  \"    type: '10',\\n\" +\n  \"    bank: 'icicibank',\\n\" +\n  \"    address: 'ANANDI VIHAR',\\n\" +\n  \"    accountNumber: 'ICIVB20994',\\n\" +\n  '    amountOverdue: 4000,\\n' +\n  '    currentBalance: 80000\\n' +\n  '  },\\n' +\n  '  {\\n' +\n  \"    type: '52',\\n\" +\n  \"    bank: 'icicibank',\\n\" +\n  \"    address: 'J-1 110',\\n\" +\n  \"    accountNumber: 'ICICI8131308',\\n\" +\n  '    amountOverdue: 0,\\n' +\n  '    currentBalance: 0\\n' +\n  '  },\\n' +\n  '  {\\n' +\n  \"    type: '10',\\n\" +\n  \"    bank: 'icicibank',\\n\" +\n  \"    address: 'J-1 110',\\n\" +\n  \"    accountNumber: 'ICICI8131306',\\n\" +\n  '    amountOverdue: 1100,\\n' +\n  '    currentBalance: 80000\\n' +\n  '  },\\n' +\n  '  {\\n' +\n  \"    type: '51',\\n\" +\n  \"    bank: 'icicibank',\\n\" +\n  \"    address: 'J-1 110',\\n\" +\n  \"    accountNumber: 'ICICI8131307',\\n\" +\n  '    amountOverdue: 1200,\\n' +\n  '    currentBalance: 85000\\n' +\n  '  }\\n' +\n  ']\"","value":"[\n  {\n    type: '10',\n    bank: 'icicibank',\n    address: 'ANANDI VIHAR',\n    accountNumber: 'ICIVB20994',\n    amountOverdue: 4000,\n    currentBalance: 80000\n  },\n  {\n    type: '52',\n    bank: 'icicibank',\n    address: 'J-1 110',\n    accountNumber: 'ICICI8131308',\n    amountOverdue: 0,\n    currentBalance: 0\n  },\n  {\n    type: '10',\n    bank: 'icicibank',\n    address: 'J-1 110',\n    accountNumber: 'ICICI8131306',\n    amountOverdue: 1100,\n    currentBalance: 80000\n  },\n  {\n    type: '51',\n    bank: 'icicibank',\n    address: 'J-1 110',\n    accountNumber: 'ICICI8131307',\n    amountOverdue: 1200,\n    currentBalance: 85000\n  }\n]","valueType":"string"}},"level":"error","message":"Report validation failed: creditAccountsInformation.0: Cast to [string] failed for value \"[\\n' +\n  '  {\\n' +\n  \"    type: '10',\\n\" +\n  \"    bank: 'icicibank',\\n\" +\n  \"    address: 'ANANDI VIHAR',\\n\" +\n  \"    accountNumber: 'ICIVB20994',\\n\" +\n  '    amountOverdue: 4000,\\n' +\n  '    currentBalance: 80000\\n' +\n  '  },\\n' +\n  '  {\\n' +\n  \"    type: '52',\\n\" +\n  \"    bank: 'icicibank',\\n\" +\n  \"    address: 'J-1 110',\\n\" +\n  \"    accountNumber: 'ICICI8131308',\\n\" +\n  '    amountOverdue: 0,\\n' +\n  '    currentBalance: 0\\n' +\n  '  },\\n' +\n  '  {\\n' +\n  \"    type: '10',\\n\" +\n  \"    bank: 'icicibank',\\n\" +\n  \"    address: 'J-1 110',\\n\" +\n  \"    accountNumber: 'ICICI8131306',\\n\" +\n  '    amountOverdue: 1100,\\n' +\n  '    currentBalance: 80000\\n' +\n  '  },\\n' +\n  '  {\\n' +\n  \"    type: '51',\\n\" +\n  \"    bank: 'icicibank',\\n\" +\n  \"    address: 'J-1 110',\\n\" +\n  \"    accountNumber: 'ICICI8131307',\\n\" +\n  '    amountOverdue: 1200,\\n' +\n  '    currentBalance: 85000\\n' +\n  '  }\\n' +\n  ']\" (type string) at path \"creditAccountsInformation.0\" because of \"CastError\"","name":"ValidationError","timestamp":"2025-02-08T05:01:20.196Z"}
{"_message":"Report validation failed","errors":{"creditAccountsInformation.0":{"kind":"[string]","message":"Cast to [string] failed for value \"[\\n' +\n  '  {\\n' +\n  \"    type: '10',\\n\" +\n  \"    bank: 'icicibank',\\n\" +\n  \"    address: 'ANANDI VIHAR',\\n\" +\n  \"    accountNumber: 'ICIVB20994',\\n\" +\n  '    amountOverdue: 4000,\\n' +\n  '    currentBalance: 80000\\n' +\n  '  },\\n' +\n  '  {\\n' +\n  \"    type: '52',\\n\" +\n  \"    bank: 'icicibank',\\n\" +\n  \"    address: 'J-1 110',\\n\" +\n  \"    accountNumber: 'ICICI8131308',\\n\" +\n  '    amountOverdue: 0,\\n' +\n  '    currentBalance: 0\\n' +\n  '  },\\n' +\n  '  {\\n' +\n  \"    type: '10',\\n\" +\n  \"    bank: 'icicibank',\\n\" +\n  \"    address: 'J-1 110',\\n\" +\n  \"    accountNumber: 'ICICI8131306',\\n\" +\n  '    amountOverdue: 1100,\\n' +\n  '    currentBalance: 80000\\n' +\n  '  },\\n' +\n  '  {\\n' +\n  \"    type: '51',\\n\" +\n  \"    bank: 'icicibank',\\n\" +\n  \"    address: 'J-1 110',\\n\" +\n  \"    accountNumber: 'ICICI8131307',\\n\" +\n  '    amountOverdue: 1200,\\n' +\n  '    currentBalance: 85000\\n' +\n  '  }\\n' +\n  ']\" (type string) at path \"creditAccountsInformation.0\" because of \"CastError\"","name":"CastError","path":"creditAccountsInformation.0","reason":{"kind":"string","message":"Cast to string failed for value \"{\n  type: '10',\n  bank: 'icicibank',\n  address: 'ANANDI VIHAR',\n  accountNumber: 'ICIVB20994',\n  amountOverdue: 4000,\n  currentBalance: 80000\n}\" (type Object) at path \"creditAccountsInformation\"","name":"CastError","path":"creditAccountsInformation","reason":null,"stringValue":"\"{\n  type: '10',\n  bank: 'icicibank',\n  address: 'ANANDI VIHAR',\n  accountNumber: 'ICIVB20994',\n  amountOverdue: 4000,\n  currentBalance: 80000\n}\"","value":{"accountNumber":"ICIVB20994","address":"ANANDI VIHAR","amountOverdue":4000,"bank":"icicibank","currentBalance":80000,"type":"10"},"valueType":"Object"},"stringValue":"\"[\\n' +\n  '  {\\n' +\n  \"    type: '10',\\n\" +\n  \"    bank: 'icicibank',\\n\" +\n  \"    address: 'ANANDI VIHAR',\\n\" +\n  \"    accountNumber: 'ICIVB20994',\\n\" +\n  '    amountOverdue: 4000,\\n' +\n  '    currentBalance: 80000\\n' +\n  '  },\\n' +\n  '  {\\n' +\n  \"    type: '52',\\n\" +\n  \"    bank: 'icicibank',\\n\" +\n  \"    address: 'J-1 110',\\n\" +\n  \"    accountNumber: 'ICICI8131308',\\n\" +\n  '    amountOverdue: 0,\\n' +\n  '    currentBalance: 0\\n' +\n  '  },\\n' +\n  '  {\\n' +\n  \"    type: '10',\\n\" +\n  \"    bank: 'icicibank',\\n\" +\n  \"    address: 'J-1 110',\\n\" +\n  \"    accountNumber: 'ICICI8131306',\\n\" +\n  '    amountOverdue: 1100,\\n' +\n  '    currentBalance: 80000\\n' +\n  '  },\\n' +\n  '  {\\n' +\n  \"    type: '51',\\n\" +\n  \"    bank: 'icicibank',\\n\" +\n  \"    address: 'J-1 110',\\n\" +\n  \"    accountNumber: 'ICICI8131307',\\n\" +\n  '    amountOverdue: 1200,\\n' +\n  '    currentBalance: 85000\\n' +\n  '  }\\n' +\n  ']\"","value":"[\n  {\n    type: '10',\n    bank: 'icicibank',\n    address: 'ANANDI VIHAR',\n    accountNumber: 'ICIVB20994',\n    amountOverdue: 4000,\n    currentBalance: 80000\n  },\n  {\n    type: '52',\n    bank: 'icicibank',\n    address: 'J-1 110',\n    accountNumber: 'ICICI8131308',\n    amountOverdue: 0,\n    currentBalance: 0\n  },\n  {\n    type: '10',\n    bank: 'icicibank',\n    address: 'J-1 110',\n    accountNumber: 'ICICI8131306',\n    amountOverdue: 1100,\n    currentBalance: 80000\n  },\n  {\n    type: '51',\n    bank: 'icicibank',\n    address: 'J-1 110',\n    accountNumber: 'ICICI8131307',\n    amountOverdue: 1200,\n    currentBalance: 85000\n  }\n]","valueType":"string"}},"level":"error","message":"Report validation failed: creditAccountsInformation.0: Cast to [string] failed for value \"[\\n' +\n  '  {\\n' +\n  \"    type: '10',\\n\" +\n  \"    bank: 'icicibank',\\n\" +\n  \"    address: 'ANANDI VIHAR',\\n\" +\n  \"    accountNumber: 'ICIVB20994',\\n\" +\n  '    amountOverdue: 4000,\\n' +\n  '    currentBalance: 80000\\n' +\n  '  },\\n' +\n  '  {\\n' +\n  \"    type: '52',\\n\" +\n  \"    bank: 'icicibank',\\n\" +\n  \"    address: 'J-1 110',\\n\" +\n  \"    accountNumber: 'ICICI8131308',\\n\" +\n  '    amountOverdue: 0,\\n' +\n  '    currentBalance: 0\\n' +\n  '  },\\n' +\n  '  {\\n' +\n  \"    type: '10',\\n\" +\n  \"    bank: 'icicibank',\\n\" +\n  \"    address: 'J-1 110',\\n\" +\n  \"    accountNumber: 'ICICI8131306',\\n\" +\n  '    amountOverdue: 1100,\\n' +\n  '    currentBalance: 80000\\n' +\n  '  },\\n' +\n  '  {\\n' +\n  \"    type: '51',\\n\" +\n  \"    bank: 'icicibank',\\n\" +\n  \"    address: 'J-1 110',\\n\" +\n  \"    accountNumber: 'ICICI8131307',\\n\" +\n  '    amountOverdue: 1200,\\n' +\n  '    currentBalance: 85000\\n' +\n  '  }\\n' +\n  ']\" (type string) at path \"creditAccountsInformation.0\" because of \"CastError\"","name":"ValidationError","timestamp":"2025-02-08T05:04:51.988Z"}
{"_message":"Report validation failed","errors":{"basicDetails.pan":{"kind":"required","message":"Path `pan` is required.","name":"ValidatorError","path":"pan","properties":{"message":"Path `pan` is required.","path":"pan","type":"required","value":""},"value":""}},"level":"error","message":"Report validation failed: basicDetails.pan: Path `pan` is required.","name":"ValidationError","timestamp":"2025-02-08T05:15:23.731Z"}
{"_message":"Report validation failed","errors":{"basicDetails.pan":{"kind":"required","message":"Path `pan` is required.","name":"ValidatorError","path":"pan","properties":{"message":"Path `pan` is required.","path":"pan","type":"required","value":""},"value":""}},"level":"error","message":"Report validation failed: basicDetails.pan: Path `pan` is required.","name":"ValidationError","timestamp":"2025-02-08T05:16:23.191Z"}
{"code":11000,"errorLabelSet":{},"errorResponse":{"code":11000,"errmsg":"E11000 duplicate key error collection: reportsManagement.reports index: basicDetails.mobilePhone_1 dup key: { basicDetails.mobilePhone: \"9819137672\" }","index":0,"keyPattern":{"basicDetails.mobilePhone":1},"keyValue":{"basicDetails.mobilePhone":"9819137672"}},"index":0,"keyPattern":{"basicDetails.mobilePhone":1},"keyValue":{"basicDetails.mobilePhone":"9819137672"},"level":"error","timestamp":"2025-02-08T05:34:51.433Z"}
{"level":"info","message":"✅ MongoDB connected successfully","timestamp":"2025-02-08T06:38:04.860Z"}
